  Camera.cpp
E:\2n CDI\AA3_FerrandoLluc\AA3_FerrandoLluc\MyFirstOpenGL\MyFirstOpenGL\InputManager.h(34,20): warning C4244: '=': conversion from 'double' to 'float', possible loss of data
E:\2n CDI\AA3_FerrandoLluc\AA3_FerrandoLluc\MyFirstOpenGL\MyFirstOpenGL\InputManager.h(35,20): warning C4244: '=': conversion from 'double' to 'float', possible loss of data
E:\2n CDI\AA3_FerrandoLluc\AA3_FerrandoLluc\MyFirstOpenGL\MyFirstOpenGL\InputManager.h(39,17): warning C4244: 'initializing': conversion from 'double' to 'float', possible loss of data
E:\2n CDI\AA3_FerrandoLluc\AA3_FerrandoLluc\MyFirstOpenGL\MyFirstOpenGL\InputManager.h(40,17): warning C4244: 'initializing': conversion from 'double' to 'float', possible loss of data
E:\2n CDI\AA3_FerrandoLluc\AA3_FerrandoLluc\MyFirstOpenGL\MyFirstOpenGL\InputManager.h(41,19): warning C4244: '=': conversion from 'double' to 'float', possible loss of data
E:\2n CDI\AA3_FerrandoLluc\AA3_FerrandoLluc\MyFirstOpenGL\MyFirstOpenGL\InputManager.h(42,19): warning C4244: '=': conversion from 'double' to 'float', possible loss of data
E:\2n CDI\AA3_FerrandoLluc\AA3_FerrandoLluc\MyFirstOpenGL\MyFirstOpenGL\Camera.cpp(5,1): warning C4305: 'initializing': truncation from 'double' to 'float'
  Engine.cpp
E:\2n CDI\AA3_FerrandoLluc\AA3_FerrandoLluc\MyFirstOpenGL\MyFirstOpenGL\InputManager.h(34,20): warning C4244: '=': conversion from 'double' to 'float', possible loss of data
E:\2n CDI\AA3_FerrandoLluc\AA3_FerrandoLluc\MyFirstOpenGL\MyFirstOpenGL\InputManager.h(35,20): warning C4244: '=': conversion from 'double' to 'float', possible loss of data
E:\2n CDI\AA3_FerrandoLluc\AA3_FerrandoLluc\MyFirstOpenGL\MyFirstOpenGL\InputManager.h(39,17): warning C4244: 'initializing': conversion from 'double' to 'float', possible loss of data
E:\2n CDI\AA3_FerrandoLluc\AA3_FerrandoLluc\MyFirstOpenGL\MyFirstOpenGL\InputManager.h(40,17): warning C4244: 'initializing': conversion from 'double' to 'float', possible loss of data
E:\2n CDI\AA3_FerrandoLluc\AA3_FerrandoLluc\MyFirstOpenGL\MyFirstOpenGL\InputManager.h(41,19): warning C4244: '=': conversion from 'double' to 'float', possible loss of data
E:\2n CDI\AA3_FerrandoLluc\AA3_FerrandoLluc\MyFirstOpenGL\MyFirstOpenGL\InputManager.h(42,19): warning C4244: '=': conversion from 'double' to 'float', possible loss of data
  GameObject.cpp
  InputManager.cpp
E:\2n CDI\AA3_FerrandoLluc\AA3_FerrandoLluc\MyFirstOpenGL\MyFirstOpenGL\InputManager.h(34,20): warning C4244: '=': conversion from 'double' to 'float', possible loss of data
E:\2n CDI\AA3_FerrandoLluc\AA3_FerrandoLluc\MyFirstOpenGL\MyFirstOpenGL\InputManager.h(35,20): warning C4244: '=': conversion from 'double' to 'float', possible loss of data
E:\2n CDI\AA3_FerrandoLluc\AA3_FerrandoLluc\MyFirstOpenGL\MyFirstOpenGL\InputManager.h(39,17): warning C4244: 'initializing': conversion from 'double' to 'float', possible loss of data
E:\2n CDI\AA3_FerrandoLluc\AA3_FerrandoLluc\MyFirstOpenGL\MyFirstOpenGL\InputManager.h(40,17): warning C4244: 'initializing': conversion from 'double' to 'float', possible loss of data
E:\2n CDI\AA3_FerrandoLluc\AA3_FerrandoLluc\MyFirstOpenGL\MyFirstOpenGL\InputManager.h(41,19): warning C4244: '=': conversion from 'double' to 'float', possible loss of data
E:\2n CDI\AA3_FerrandoLluc\AA3_FerrandoLluc\MyFirstOpenGL\MyFirstOpenGL\InputManager.h(42,19): warning C4244: '=': conversion from 'double' to 'float', possible loss of data
  Material.cpp
  MeshRenderer.cpp
E:\2n CDI\AA3_FerrandoLluc\AA3_FerrandoLluc\MyFirstOpenGL\MyFirstOpenGL\InputManager.h(34,20): warning C4244: '=': conversion from 'double' to 'float', possible loss of data
E:\2n CDI\AA3_FerrandoLluc\AA3_FerrandoLluc\MyFirstOpenGL\MyFirstOpenGL\InputManager.h(35,20): warning C4244: '=': conversion from 'double' to 'float', possible loss of data
E:\2n CDI\AA3_FerrandoLluc\AA3_FerrandoLluc\MyFirstOpenGL\MyFirstOpenGL\InputManager.h(39,17): warning C4244: 'initializing': conversion from 'double' to 'float', possible loss of data
E:\2n CDI\AA3_FerrandoLluc\AA3_FerrandoLluc\MyFirstOpenGL\MyFirstOpenGL\InputManager.h(40,17): warning C4244: 'initializing': conversion from 'double' to 'float', possible loss of data
E:\2n CDI\AA3_FerrandoLluc\AA3_FerrandoLluc\MyFirstOpenGL\MyFirstOpenGL\InputManager.h(41,19): warning C4244: '=': conversion from 'double' to 'float', possible loss of data
E:\2n CDI\AA3_FerrandoLluc\AA3_FerrandoLluc\MyFirstOpenGL\MyFirstOpenGL\InputManager.h(42,19): warning C4244: '=': conversion from 'double' to 'float', possible loss of data
  Model.cpp
E:\2n CDI\AA3_FerrandoLluc\AA3_FerrandoLluc\MyFirstOpenGL\MyFirstOpenGL\Model.cpp(12,42): warning C4267: '=': conversion from 'size_t' to 'unsigned int', possible loss of data
  ModelManager.cpp
  ProgramManager.cpp
  Source.cpp
E:\2n CDI\AA3_FerrandoLluc\AA3_FerrandoLluc\MyFirstOpenGL\MyFirstOpenGL\InputManager.h(34,20): warning C4244: '=': conversion from 'double' to 'float', possible loss of data
E:\2n CDI\AA3_FerrandoLluc\AA3_FerrandoLluc\MyFirstOpenGL\MyFirstOpenGL\InputManager.h(35,20): warning C4244: '=': conversion from 'double' to 'float', possible loss of data
E:\2n CDI\AA3_FerrandoLluc\AA3_FerrandoLluc\MyFirstOpenGL\MyFirstOpenGL\InputManager.h(39,17): warning C4244: 'initializing': conversion from 'double' to 'float', possible loss of data
E:\2n CDI\AA3_FerrandoLluc\AA3_FerrandoLluc\MyFirstOpenGL\MyFirstOpenGL\InputManager.h(40,17): warning C4244: 'initializing': conversion from 'double' to 'float', possible loss of data
E:\2n CDI\AA3_FerrandoLluc\AA3_FerrandoLluc\MyFirstOpenGL\MyFirstOpenGL\InputManager.h(41,19): warning C4244: '=': conversion from 'double' to 'float', possible loss of data
E:\2n CDI\AA3_FerrandoLluc\AA3_FerrandoLluc\MyFirstOpenGL\MyFirstOpenGL\InputManager.h(42,19): warning C4244: '=': conversion from 'double' to 'float', possible loss of data
E:\2n CDI\AA3_FerrandoLluc\AA3_FerrandoLluc\MyFirstOpenGL\MyFirstOpenGL\Source.cpp(7,1): warning C4005: 'WINDOW_WIDTH': macro redefinition
E:\2n CDI\AA3_FerrandoLluc\AA3_FerrandoLluc\MyFirstOpenGL\MyFirstOpenGL\Model.h(9,1): message : see previous definition of 'WINDOW_WIDTH'
E:\2n CDI\AA3_FerrandoLluc\AA3_FerrandoLluc\MyFirstOpenGL\MyFirstOpenGL\Source.cpp(8,1): warning C4005: 'WINDOW_HEIGHT': macro redefinition
E:\2n CDI\AA3_FerrandoLluc\AA3_FerrandoLluc\MyFirstOpenGL\MyFirstOpenGL\Model.h(10,1): message : see previous definition of 'WINDOW_HEIGHT'
E:\2n CDI\AA3_FerrandoLluc\AA3_FerrandoLluc\MyFirstOpenGL\MyFirstOpenGL\Source.cpp(16,120): warning C4244: 'argument': conversion from 'int' to 'GLfloat', possible loss of data
E:\2n CDI\AA3_FerrandoLluc\AA3_FerrandoLluc\MyFirstOpenGL\MyFirstOpenGL\Source.cpp(16,101): warning C4244: 'argument': conversion from 'int' to 'GLfloat', possible loss of data
E:\2n CDI\AA3_FerrandoLluc\AA3_FerrandoLluc\MyFirstOpenGL\MyFirstOpenGL\Source.cpp(19,13): warning C4326: return type of 'main' should be 'int' instead of 'void'
  Transform.cpp
  Generating Code...
LINK : warning LNK4098: defaultlib 'MSVCRT' conflicts with use of other libs; use /NODEFAULTLIB:library
  MyFirstOpenGL.vcxproj -> E:\2n CDI\AA3_FerrandoLluc\AA3_FerrandoLluc\MyFirstOpenGL\x64\Debug\MyFirstOpenGL.exe
